<?xml version="1.0" encoding="UTF-8"?>
<!-- Generated by org.testng.reporters.JUnitReportReporter -->
<testsuite hostname="Arkos-MacBook-Air.local" failures="0" tests="1" name="testRunnerPackage.MyTestRunner" time="10.293" errors="0" timestamp="2023-07-18T16:34:38 IST" skipped="0">
  <testcase classname="testRunnerPackage.MyTestRunner" name="runScenario" time="10.293"/>
</testsuite> <!-- testRunnerPackage.MyTestRunner -->
